生成启动时间为 2015/1/30 15:09:31。
     1>项目“D:\My Projects\C++\GVBASIC\gui_win32\gui_win32.vcxproj”在节点 2 上(build 个目标)。
     1>InitializeBuildStatus:
         正在创建“Release\gui_win32.unsuccessfulbuild”，因为已指定“AlwaysCreate”。
       ClCompile:
         所有输出均为最新。
       ResourceCompile:
         C:\Program Files (x86)\Microsoft SDKs\Windows\v7.0A\bin\rc.exe /l"0x0409" /nologo /fo"Release\gui_win32.res" gui_win32.rc 
       Link:
         d:\Program Files\Microsoft Visual Studio 10.0\VC\bin\link.exe /ERRORREPORT:PROMPT /OUT:"D:\My Projects\C++\GVBASIC\Release\gui_win32.exe" /NOLOGO kernel32.lib user32.lib gdi32.lib winspool.lib comdlg32.lib advapi32.lib shell32.lib ole32.lib oleaut32.lib uuid.lib odbc32.lib odbccp32.lib /MANIFEST /ManifestFile:"Release\gui_win32.exe.intermediate.manifest" /MANIFESTUAC:"level='asInvoker' uiAccess='false'" /DEBUG /PDB:"D:\My Projects\C++\GVBASIC\Release\gui_win32.pdb" /OPT:REF /OPT:ICF /LTCG /TLBID:1 /DYNAMICBASE /NXCOMPAT /IMPLIB:"D:\My Projects\C++\GVBASIC\Release\gui_win32.lib" /MACHINE:X86 Release\gui_win32.res
         Release\debug.obj
         Release\error.obj
         Release\file.obj
         Release\gc.obj
         Release\gvbc.obj
         Release\gvbrun.obj
         Release\hash.obj
         Release\lex.obj
         Release\replace.obj
         Release\tree.obj
         Release\asm.obj
         Release\custom.obj
         Release\gvbsim.obj
         Release\IME.obj
         正在生成代码
         已完成代码的生成
         gui_win32.vcxproj -> D:\My Projects\C++\GVBASIC\Release\gui_win32.exe
       Manifest:
         C:\Program Files (x86)\Microsoft SDKs\Windows\v7.0A\bin\mt.exe /nologo /verbose /outputresource:"D:\My Projects\C++\GVBASIC\Release\gui_win32.exe;#1" /manifest 1.manifest Release\gui_win32.exe.intermediate.manifest
       FinalizeBuildStatus:
         正在删除文件“Release\gui_win32.unsuccessfulbuild”。
         正在对“Release\gui_win32.lastbuildstate”执行 Touch 任务。
     1>已完成生成项目“D:\My Projects\C++\GVBASIC\gui_win32\gui_win32.vcxproj”(build 个目标)的操作。

生成成功。

已用时间 00:00:04.71
